<?xml version="1.0" encoding="UTF-8"?>
<!-- Generated by org.testng.reporters.JUnitReportReporter -->
<testsuite hostname="Rabeccas-MacBook-Pro.local" failures="0" tests="1" name="testNG_Assignments.OfferedAcademics" time="7.293" errors="0" timestamp="2024-08-07T16:43:18 EDT" skipped="0">
  <testcase classname="testNG_Assignments.OfferedAcademics" name="openitlearn360Site" time="7.293"/>
  <system-out/>
</testsuite> <!-- testNG_Assignments.OfferedAcademics -->
