<?xml version="1.0" encoding="UTF-8"?>
<!-- Generated by org.testng.reporters.JUnitReportReporter -->
<testsuite hostname="Rabeccas-MacBook-Pro.local" failures="0" tests="1" name="testNG_Assignments.Assignment01" time="5.089" errors="0" timestamp="2024-08-05T19:32:09 EDT" skipped="0">
  <testcase classname="testNG_Assignments.Assignment01" name="openingCnbcSite" time="5.089"/>
  <system-out/>
</testsuite> <!-- testNG_Assignments.Assignment01 -->
