<?xml version="1.0" encoding="UTF-8"?>
<!-- Generated by org.testng.reporters.JUnitReportReporter -->
<testsuite hostname="Rabeccas-MacBook-Pro.local" failures="0" tests="1" name="testNG_Assignments.VerifyLogin" time="5.243" errors="0" timestamp="2024-08-08T12:11:40 EDT" skipped="0">
  <testcase classname="testNG_Assignments.VerifyLogin" name="openingCnbcSite" time="5.243"/>
  <system-out/>
</testsuite> <!-- testNG_Assignments.VerifyLogin -->
