<?xml version="1.0" encoding="UTF-8"?>
<!-- Generated by org.testng.reporters.JUnitReportReporter -->
<testsuite hostname="Rabeccas-MacBook-Pro.local" failures="0" tests="2" name="testNG.Assignment_New" time="3.219" errors="0" timestamp="2024-08-13T12:32:43 EDT" skipped="0">
  <testcase classname="testNG.Assignment_New" name="verifyLogin" time="2.040"/>
  <system-out/>
  <testcase classname="testNG.Assignment_New" name="serachCourse" time="1.179"/>
  <system-out/>
</testsuite> <!-- testNG.Assignment_New -->
