<?xml version="1.0" encoding="UTF-8"?>
<!-- Generated by org.testng.reporters.JUnitReportReporter -->
<testsuite hostname="Rabeccas-MacBook-Pro.local" failures="0" tests="1" name="testNG.BeforeAfterClassJava" time="4.193" errors="0" timestamp="2024-08-01T12:54:49 EDT" skipped="0">
  <testcase classname="testNG.BeforeAfterClassJava" name="performLogin" time="4.193"/>
  <system-out/>
</testsuite> <!-- testNG.BeforeAfterClassJava -->
