<?xml version="1.0" encoding="UTF-8"?>
<!-- Generated by org.testng.reporters.JUnitReportReporter -->
<testsuite hostname="Rabeccas-MacBook-Pro.local" failures="0" tests="1" name="testNG_Assignments.SearchCourses" time="5.339" errors="0" timestamp="2024-08-07T12:53:07 EDT" skipped="0">
  <testcase classname="testNG_Assignments.SearchCourses" name="openitlearn360Site" time="5.339"/>
  <system-out/>
</testsuite> <!-- testNG_Assignments.SearchCourses -->
