<?xml version="1.0" encoding="UTF-8"?>
<!-- Generated by org.testng.reporters.JUnitReportReporter -->
<testsuite hostname="Rabeccas-MacBook-Pro.local" failures="0" tests="3" name="testNG.OpenWebsite" time="98.410" errors="0" timestamp="2024-07-30T12:35:48 EDT" skipped="0">
  <testcase classname="testNG.OpenWebsite" name="openingahooSite" time="88.778"/>
  <system-out/>
  <testcase classname="testNG.OpenWebsite" name="openingCnbcSite" time="5.257"/>
  <system-out/>
  <testcase classname="testNG.OpenWebsite" name="openwebsit" time="4.375"/>
  <system-out/>
</testsuite> <!-- testNG.OpenWebsite -->
