<?xml version="1.0" encoding="UTF-8"?>
<!-- Generated by org.testng.reporters.JUnitReportReporter -->
<testsuite hostname="Rabeccas-MacBook-Pro.local" failures="0" tests="1" name="testNG_Assignments.Payment" time="11.378" errors="0" timestamp="2024-08-13T12:23:15 EDT" skipped="0">
  <testcase classname="testNG_Assignments.Payment" name="openitlearn360Site" time="11.378"/>
  <system-out/>
</testsuite> <!-- testNG_Assignments.Payment -->
