<?xml version="1.0" encoding="UTF-8"?>
<!-- Generated by org.testng.reporters.JUnitReportReporter -->
<testsuite hostname="Rabeccas-MacBook-Pro.local" failures="0" tests="2" name="testNG.BeforeAfter" time="6.097" errors="0" timestamp="2024-08-06T12:51:32 EDT" skipped="0">
  <testcase classname="testNG.BeforeAfter" name="assertHomePage" time="2.052"/>
  <system-out/>
  <testcase classname="testNG.BeforeAfter" name="performLogin" time="4.045"/>
  <system-out/>
</testsuite> <!-- testNG.BeforeAfter -->
