<?xml version="1.0" encoding="UTF-8"?>
<!-- Generated by org.testng.reporters.JUnitReportReporter -->
<testsuite hostname="Rabeccas-MacBook-Pro.local" failures="0" tests="1" name="testNG_Assignments.DashboardPage" time="5.966" errors="0" timestamp="2024-08-07T13:38:22 EDT" skipped="0">
  <testcase classname="testNG_Assignments.DashboardPage" name="openitlearn360Site" time="5.966"/>
  <system-out/>
</testsuite> <!-- testNG_Assignments.DashboardPage -->
