<?xml version="1.0" encoding="UTF-8"?>
<!-- Generated by org.testng.reporters.JUnitReportReporter -->
<testsuite hostname="Rabeccas-MacBook-Pro.local" failures="0" tests="1" name="testNG.Assignment01" time="4.208" errors="0" timestamp="2024-08-01T12:13:24 EDT" skipped="0">
  <testcase classname="testNG.Assignment01" name="openingCnbcSite" time="4.208"/>
  <system-out/>
</testsuite> <!-- testNG.Assignment01 -->
